<?xml version="1.0" encoding="UTF-8"?>
<!-- Generated by org.testng.reporters.JUnitXMLReporter -->
<testsuite hostname="PC377809" ignored="0" name="Default test" tests="6" failures="0" timestamp="13 Jun 2018 14:01:08 GMT" time="88.746" errors="0">
  <testcase name="signInPerform" time="7.811" classname="com.cts.test.SignInTest"/>
  <testcase name="priority1" time="0.001" classname="com.cts.test.SignInTest"/>
  <testcase name="priority2" time="0.002" classname="com.cts.test.SignInTest"/>
  <testcase name="priority3" time="0.001" classname="com.cts.test.SignInTest"/>
  <testcase name="priority4" time="0.001" classname="com.cts.test.SignInTest"/>
  <testcase name="priority5" time="0.001" classname="com.cts.test.SignInTest"/>
</testsuite> <!-- Default test -->
