<?xml version="1.0" encoding="UTF-8"?>
<testng-results skipped="0" failed="0" ignored="0" total="1" passed="1">
  <reporter-output>
    <line>
      <![CDATA[creation of objects]]>
    </line>
    <line>
      <![CDATA[check ]]>
    </line>
  </reporter-output>
  <suite name="Suite" duration-ms="26200" started-at="2018-06-07T06:38:30Z" finished-at="2018-06-07T06:38:56Z">
    <groups>
    </groups>
    <test name="Test" duration-ms="26200" started-at="2018-06-07T06:38:30Z" finished-at="2018-06-07T06:38:56Z">
      <class name="com.cts.test.Validlogin">
        <test-method status="PASS" signature="openApplication()[pri:0, instance:com.cts.test.Validlogin@1a8a8f7c]" name="openApplication" is-config="true" duration-ms="8252" started-at="2018-06-07T06:38:30Z" finished-at="2018-06-07T06:38:38Z">
          <reporter-output>
          </reporter-output>
        </test-method> <!-- openApplication -->
        <test-method status="PASS" signature="execute()[pri:0, instance:com.cts.test.Validlogin@1a8a8f7c]" name="execute" duration-ms="16583" started-at="2018-06-07T06:38:38Z" finished-at="2018-06-07T06:38:55Z">
          <reporter-output>
            <line>
              <![CDATA[creation of objects]]>
            </line>
            <line>
              <![CDATA[check ]]>
            </line>
          </reporter-output>
        </test-method> <!-- execute -->
        <test-method status="PASS" signature="closeApplication()[pri:0, instance:com.cts.test.Validlogin@1a8a8f7c]" name="closeApplication" is-config="true" duration-ms="1186" started-at="2018-06-07T06:38:55Z" finished-at="2018-06-07T06:38:56Z">
          <reporter-output>
          </reporter-output>
        </test-method> <!-- closeApplication -->
      </class> <!-- com.cts.test.Validlogin -->
    </test> <!-- Test -->
  </suite> <!-- Suite -->
</testng-results>
